This file contains any messages produced by compilers while
running configure, to aid debugging if configure makes a mistake.

It was created by libtorrent-rasterbar configure 1.0.6, which was
generated by GNU Autoconf 2.69.  Invocation command line was

  $ ./configure --prefix=/usr --enable-python-binding -enable-debug=no --with-boost-system=boost_system --with-libgeoip=system

## --------- ##
## Platform. ##
## --------- ##

hostname = 9c727756045a
uname -m = x86_64
uname -r = 4.4.6-301.fc23.x86_64
uname -s = Linux
uname -v = #1 SMP Wed Mar 30 16:43:58 UTC 2016

/usr/bin/uname -p = unknown
/bin/uname -X     = unknown

/bin/arch              = unknown
/usr/bin/arch -k       = unknown
/usr/convex/getsysinfo = unknown
/usr/bin/hostinfo      = unknown
/bin/machine           = unknown
/usr/bin/oslevel       = unknown
/bin/universe          = unknown

PATH: /usr/local/sbin
PATH: /usr/local/bin
PATH: /usr/sbin
PATH: /usr/bin
PATH: /sbin
PATH: /bin


## ----------- ##
## Core tests. ##
## ----------- ##

configure:2530: checking whether make supports nested variables
configure:2547: result: no
configure:2632: checking for gcc
configure:2648: found /usr/bin/gcc
configure:2659: result: gcc
configure:2888: checking for C compiler version
configure:2897: gcc --version >&5
gcc (Alpine 5.3.0) 5.3.0
Copyright (C) 2015 Free Software Foundation, Inc.
This is free software; see the source for copying conditions.  There is NO
warranty; not even for MERCHANTABILITY or FITNESS FOR A PARTICULAR PURPOSE.

configure:2908: $? = 0
configure:2897: gcc -v >&5
Using built-in specs.
COLLECT_GCC=gcc
COLLECT_LTO_WRAPPER=/usr/libexec/gcc/x86_64-alpine-linux-musl/5.3.0/lto-wrapper
Target: x86_64-alpine-linux-musl
Configured with: /home/buildozer/aports/main/gcc/src/gcc-5.3.0/configure --prefix=/usr --mandir=/usr/share/man --infodir=/usr/share/info --build=x86_64-alpine-linux-musl --host=x86_64-alpine-linux-musl --target=x86_64-alpine-linux-musl --with-pkgversion='Alpine 5.3.0' --enable-checking=release --disable-fixed-point --disable-libstdcxx-pch --disable-multilib --disable-nls --disable-werror --disable-symvers --enable-__cxa_atexit --enable-esp --enable-cloog-backend --enable-languages=c,c++,objc,java,fortran,ada --disable-libssp --disable-libmudflap --disable-libsanitizer --enable-shared --enable-threads --enable-tls --with-system-zlib
Thread model: posix
gcc version 5.3.0 (Alpine 5.3.0) 
configure:2908: $? = 0
configure:2897: gcc -V >&5
gcc: error: unrecognized command line option '-V'
gcc: fatal error: no input files
compilation terminated.
configure:2908: $? = 1
configure:2897: gcc -qversion >&5
gcc: error: unrecognized command line option '-qversion'
gcc: fatal error: no input files
compilation terminated.
configure:2908: $? = 1
configure:2928: checking whether the C compiler works
configure:2950: gcc    conftest.c  >&5
configure:2954: $? = 0
configure:3002: result: yes
configure:3005: checking for C compiler default output file name
configure:3007: result: a.out
configure:3013: checking for suffix of executables
configure:3020: gcc -o conftest    conftest.c  >&5
configure:3024: $? = 0
configure:3046: result: 
configure:3068: checking whether we are cross compiling
configure:3076: gcc -o conftest    conftest.c  >&5
configure:3080: $? = 0
configure:3087: ./conftest
configure:3091: $? = 0
configure:3106: result: no
configure:3111: checking for suffix of object files
configure:3133: gcc -c   conftest.c >&5
configure:3137: $? = 0
configure:3158: result: o
configure:3162: checking whether we are using the GNU C compiler
configure:3181: gcc -c   conftest.c >&5
configure:3181: $? = 0
configure:3190: result: yes
configure:3199: checking whether gcc accepts -g
configure:3219: gcc -c -g  conftest.c >&5
configure:3219: $? = 0
configure:3260: result: yes
configure:3277: checking for gcc option to accept ISO C89
configure:3340: gcc  -c -g -O2  conftest.c >&5
configure:3340: $? = 0
configure:3353: result: none needed
configure:3381: checking whether gcc understands -c and -o together
configure:3403: gcc -c conftest.c -o conftest2.o
configure:3406: $? = 0
configure:3403: gcc -c conftest.c -o conftest2.o
configure:3406: $? = 0
configure:3418: result: yes
configure:3440: checking how to run the C preprocessor
configure:3471: gcc -E  conftest.c
configure:3471: $? = 0
configure:3485: gcc -E  conftest.c
conftest.c:9:28: fatal error: ac_nonexistent.h: No such file or directory
compilation terminated.
configure:3485: $? = 1
configure: failed program was:
| /* confdefs.h */
| #define PACKAGE_NAME "libtorrent-rasterbar"
| #define PACKAGE_TARNAME "libtorrent-rasterbar"
| #define PACKAGE_VERSION "1.0.6"
| #define PACKAGE_STRING "libtorrent-rasterbar 1.0.6"
| #define PACKAGE_BUGREPORT "arvid@libtorrent.org"
| #define PACKAGE_URL "http://www.libtorrent.org"
| /* end confdefs.h.  */
| #include <ac_nonexistent.h>
configure:3510: result: gcc -E
configure:3530: gcc -E  conftest.c
configure:3530: $? = 0
configure:3544: gcc -E  conftest.c
conftest.c:9:28: fatal error: ac_nonexistent.h: No such file or directory
compilation terminated.
configure:3544: $? = 1
configure: failed program was:
| /* confdefs.h */
| #define PACKAGE_NAME "libtorrent-rasterbar"
| #define PACKAGE_TARNAME "libtorrent-rasterbar"
| #define PACKAGE_VERSION "1.0.6"
| #define PACKAGE_STRING "libtorrent-rasterbar 1.0.6"
| #define PACKAGE_BUGREPORT "arvid@libtorrent.org"
| #define PACKAGE_URL "http://www.libtorrent.org"
| /* end confdefs.h.  */
| #include <ac_nonexistent.h>
configure:3573: checking whether gcc and cc understand -c and -o together
configure:3604: gcc -c conftest.c -o conftest2.o >&5
configure:3608: $? = 0
configure:3614: gcc -c conftest.c -o conftest2.o >&5
configure:3618: $? = 0
configure:3629: cc -c conftest.c >&5
configure:3633: $? = 0
configure:3641: cc -c conftest.c -o conftest2.o >&5
configure:3645: $? = 0
configure:3651: cc -c conftest.c -o conftest2.o >&5
configure:3655: $? = 0
configure:3673: result: yes
configure:3741: checking for g++
configure:3757: found /usr/bin/g++
configure:3768: result: g++
configure:3795: checking for C++ compiler version
configure:3804: g++ --version >&5
g++ (Alpine 5.3.0) 5.3.0
Copyright (C) 2015 Free Software Foundation, Inc.
This is free software; see the source for copying conditions.  There is NO
warranty; not even for MERCHANTABILITY or FITNESS FOR A PARTICULAR PURPOSE.

configure:3815: $? = 0
configure:3804: g++ -v >&5
Using built-in specs.
COLLECT_GCC=g++
COLLECT_LTO_WRAPPER=/usr/libexec/gcc/x86_64-alpine-linux-musl/5.3.0/lto-wrapper
Target: x86_64-alpine-linux-musl
Configured with: /home/buildozer/aports/main/gcc/src/gcc-5.3.0/configure --prefix=/usr --mandir=/usr/share/man --infodir=/usr/share/info --build=x86_64-alpine-linux-musl --host=x86_64-alpine-linux-musl --target=x86_64-alpine-linux-musl --with-pkgversion='Alpine 5.3.0' --enable-checking=release --disable-fixed-point --disable-libstdcxx-pch --disable-multilib --disable-nls --disable-werror --disable-symvers --enable-__cxa_atexit --enable-esp --enable-cloog-backend --enable-languages=c,c++,objc,java,fortran,ada --disable-libssp --disable-libmudflap --disable-libsanitizer --enable-shared --enable-threads --enable-tls --with-system-zlib
Thread model: posix
gcc version 5.3.0 (Alpine 5.3.0) 
configure:3815: $? = 0
configure:3804: g++ -V >&5
g++: error: unrecognized command line option '-V'
g++: fatal error: no input files
compilation terminated.
configure:3815: $? = 1
configure:3804: g++ -qversion >&5
g++: error: unrecognized command line option '-qversion'
g++: fatal error: no input files
compilation terminated.
configure:3815: $? = 1
configure:3819: checking whether we are using the GNU C++ compiler
configure:3838: g++ -c   conftest.cpp >&5
configure:3838: $? = 0
configure:3847: result: yes
configure:3856: checking whether g++ accepts -g
configure:3876: g++ -c -g  conftest.cpp >&5
configure:3876: $? = 0
configure:3917: result: yes
configure:3945: checking how to run the C++ preprocessor
configure:3972: g++ -E  conftest.cpp
configure:3972: $? = 0
configure:3986: g++ -E  conftest.cpp
conftest.cpp:9:28: fatal error: ac_nonexistent.h: No such file or directory
compilation terminated.
configure:3986: $? = 1
configure: failed program was:
| /* confdefs.h */
| #define PACKAGE_NAME "libtorrent-rasterbar"
| #define PACKAGE_TARNAME "libtorrent-rasterbar"
| #define PACKAGE_VERSION "1.0.6"
| #define PACKAGE_STRING "libtorrent-rasterbar 1.0.6"
| #define PACKAGE_BUGREPORT "arvid@libtorrent.org"
| #define PACKAGE_URL "http://www.libtorrent.org"
| /* end confdefs.h.  */
| #include <ac_nonexistent.h>
configure:4011: result: g++ -E
configure:4031: g++ -E  conftest.cpp
configure:4031: $? = 0
configure:4045: g++ -E  conftest.cpp
conftest.cpp:9:28: fatal error: ac_nonexistent.h: No such file or directory
compilation terminated.
configure:4045: $? = 1
configure: failed program was:
| /* confdefs.h */
| #define PACKAGE_NAME "libtorrent-rasterbar"
| #define PACKAGE_TARNAME "libtorrent-rasterbar"
| #define PACKAGE_VERSION "1.0.6"
| #define PACKAGE_STRING "libtorrent-rasterbar 1.0.6"
| #define PACKAGE_BUGREPORT "arvid@libtorrent.org"
| #define PACKAGE_URL "http://www.libtorrent.org"
| /* end confdefs.h.  */
| #include <ac_nonexistent.h>
configure:4078: checking whether g++ understands -c and -o together
configure:4102: g++ -g -O2 -c conftest.cpp -o conftest2.o >&5
configure:4106: $? = 0
configure:4113: g++ -g -O2 -c conftest.cpp -o conftest2.o >&5
configure:4117: $? = 0
configure:4125: result: yes
configure:4145: checking build system type
configure:4159: result: x86_64-unknown-linux-gnu
configure:4179: checking host system type
configure:4192: result: x86_64-unknown-linux-gnu
configure:4212: checking target system type
configure:4225: result: x86_64-unknown-linux-gnu
configure:4270: checking for a BSD-compatible install
configure:4338: result: /usr/bin/install -c
configure:4349: checking whether build environment is sane
configure:4404: result: yes
configure:4552: checking for a thread-safe mkdir -p
configure:4591: result: build-aux/install-sh -c -d
configure:4598: checking for gawk
configure:4628: result: no
configure:4598: checking for mawk
configure:4628: result: no
configure:4598: checking for nawk
configure:4628: result: no
configure:4598: checking for awk
configure:4614: found /usr/bin/awk
configure:4625: result: awk
configure:4636: checking whether make sets $(MAKE)
configure:4662: result: no
configure:4688: checking for style of include used by make
configure:4716: result: none
configure:4813: checking dependency style of gcc
configure:4924: result: none
configure:4941: checking dependency style of g++
configure:5052: result: none
configure:5160: checking how to print strings
configure:5187: result: printf
configure:5208: checking for a sed that does not truncate output
configure:5272: result: /bin/sed
configure:5290: checking for grep that handles long lines and -e
configure:5348: result: /bin/grep
configure:5353: checking for egrep
configure:5415: result: /bin/grep -E
configure:5420: checking for fgrep
configure:5482: result: /bin/grep -F
configure:5517: checking for ld used by gcc
configure:5584: result: /usr/x86_64-alpine-linux-musl/bin/ld
configure:5591: checking if the linker (/usr/x86_64-alpine-linux-musl/bin/ld) is GNU ld
configure:5606: result: yes
configure:5618: checking for BSD- or MS-compatible name lister (nm)
configure:5672: result: /usr/bin/nm -B
configure:5802: checking the name lister (/usr/bin/nm -B) interface
configure:5809: gcc -c -g -O2  conftest.c >&5
configure:5812: /usr/bin/nm -B "conftest.o"
configure:5815: output
0000000000000000 B some_variable
configure:5822: result: BSD nm
configure:5825: checking whether ln -s works
configure:5829: result: yes
configure:5837: checking the maximum length of command line arguments
configure:5968: result: 98304
configure:6016: checking how to convert x86_64-unknown-linux-gnu file names to x86_64-unknown-linux-gnu format
configure:6056: result: func_convert_file_noop
configure:6063: checking how to convert x86_64-unknown-linux-gnu file names to toolchain format
configure:6083: result: func_convert_file_noop
configure:6090: checking for /usr/x86_64-alpine-linux-musl/bin/ld option to reload object files
configure:6097: result: -r
configure:6171: checking for objdump
configure:6187: found /usr/bin/objdump
configure:6198: result: objdump
configure:6230: checking how to recognize dependent libraries
configure:6430: result: pass_all
configure:6515: checking for dlltool
configure:6545: result: no
configure:6575: checking how to associate runtime and link libraries
configure:6602: result: printf %s\n
configure:6663: checking for ar
configure:6679: found /usr/bin/ar
configure:6690: result: ar
configure:6727: checking for archiver @FILE support
configure:6744: gcc -c -g -O2  conftest.c >&5
configure:6744: $? = 0
configure:6747: ar cru libconftest.a @conftest.lst >&5
configure:6750: $? = 0
configure:6755: ar cru libconftest.a @conftest.lst >&5
ar: conftest.o: No such file or directory
configure:6758: $? = 1
configure:6770: result: @
configure:6828: checking for strip
configure:6844: found /usr/bin/strip
configure:6855: result: strip
configure:6927: checking for ranlib
configure:6943: found /usr/bin/ranlib
configure:6954: result: ranlib
configure:7056: checking command to parse /usr/bin/nm -B output from gcc object
configure:7209: gcc -c -g -O2  conftest.c >&5
configure:7212: $? = 0
configure:7216: /usr/bin/nm -B conftest.o \| sed -n -e 's/^.*[ ]\([ABCDGIRSTW][ABCDGIRSTW]*\)[ ][ ]*\([_A-Za-z][_A-Za-z0-9]*\)$/\1 \2 \2/p' | sed '/ __gnu_lto/d' \> conftest.nm
configure:7219: $? = 0
configure:7285: gcc -o conftest -g -O2   conftest.c conftstm.o >&5
configure:7288: $? = 0
configure:7326: result: ok
configure:7373: checking for sysroot
configure:7403: result: no
configure:7410: checking for a working dd
configure:7448: result: /bin/dd
configure:7452: checking how to truncate binary pipes
configure:7467: result: /bin/dd bs=4096 count=1
configure:7588: gcc -c -g -O2  conftest.c >&5
configure:7591: $? = 0
configure:7781: checking for mt
configure:7811: result: no
configure:7831: checking if : is a manifest tool
configure:7837: : '-?'
configure:7845: result: no
configure:8483: checking for ANSI C header files
configure:8503: gcc -c -g -O2  conftest.c >&5
configure:8503: $? = 0
configure:8576: gcc -o conftest -g -O2   conftest.c  >&5
configure:8576: $? = 0
configure:8576: ./conftest
configure:8576: $? = 0
configure:8587: result: yes
configure:8600: checking for sys/types.h
configure:8600: gcc -c -g -O2  conftest.c >&5
configure:8600: $? = 0
configure:8600: result: yes
configure:8600: checking for sys/stat.h
configure:8600: gcc -c -g -O2  conftest.c >&5
configure:8600: $? = 0
configure:8600: result: yes
configure:8600: checking for stdlib.h
configure:8600: gcc -c -g -O2  conftest.c >&5
configure:8600: $? = 0
configure:8600: result: yes
configure:8600: checking for string.h
configure:8600: gcc -c -g -O2  conftest.c >&5
configure:8600: $? = 0
configure:8600: result: yes
configure:8600: checking for memory.h
configure:8600: gcc -c -g -O2  conftest.c >&5
configure:8600: $? = 0
configure:8600: result: yes
configure:8600: checking for strings.h
configure:8600: gcc -c -g -O2  conftest.c >&5
configure:8600: $? = 0
configure:8600: result: yes
configure:8600: checking for inttypes.h
configure:8600: gcc -c -g -O2  conftest.c >&5
configure:8600: $? = 0
configure:8600: result: yes
configure:8600: checking for stdint.h
configure:8600: gcc -c -g -O2  conftest.c >&5
configure:8600: $? = 0
configure:8600: result: yes
configure:8600: checking for unistd.h
configure:8600: gcc -c -g -O2  conftest.c >&5
configure:8600: $? = 0
configure:8600: result: yes
configure:8614: checking for dlfcn.h
configure:8614: gcc -c -g -O2  conftest.c >&5
configure:8614: $? = 0
configure:8614: result: yes
configure:8881: checking for objdir
configure:8896: result: .libs
configure:9167: checking if gcc supports -fno-rtti -fno-exceptions
configure:9185: gcc -c -g -O2  -fno-rtti -fno-exceptions conftest.c >&5
cc1: warning: command line option '-fno-rtti' is valid for C++/ObjC++ but not for C
configure:9189: $? = 0
configure:9202: result: no
configure:9560: checking for gcc option to produce PIC
configure:9567: result: -fPIC -DPIC
configure:9575: checking if gcc PIC flag -fPIC -DPIC works
configure:9593: gcc -c -g -O2  -fPIC -DPIC -DPIC conftest.c >&5
configure:9597: $? = 0
configure:9610: result: yes
configure:9639: checking if gcc static flag -static works
configure:9667: result: yes
configure:9682: checking if gcc supports -c -o file.o
configure:9703: gcc -c -g -O2  -o out/conftest2.o conftest.c >&5
configure:9707: $? = 0
configure:9729: result: yes
configure:9737: checking if gcc supports -c -o file.o
configure:9784: result: yes
configure:9817: checking whether the gcc linker (/usr/x86_64-alpine-linux-musl/bin/ld) supports shared libraries
configure:11076: result: yes
configure:11113: checking whether -lc should be explicitly linked in
configure:11121: gcc -c -g -O2  conftest.c >&5
configure:11124: $? = 0
configure:11139: gcc -shared  -fPIC -DPIC conftest.o  -v -Wl,-soname -Wl,conftest -o conftest 2\>\&1 \| /bin/grep  -lc  \>/dev/null 2\>\&1
configure:11142: $? = 0
configure:11156: result: no
configure:11316: checking dynamic linker characteristics
configure:11893: gcc -o conftest -g -O2   -Wl,-rpath -Wl,/foo conftest.c  >&5
configure:11893: $? = 0
configure:12125: result: GNU/Linux ld.so
configure:12232: checking how to hardcode library paths into programs
configure:12257: result: immediate
configure:12805: checking whether stripping libraries is possible
configure:12810: result: yes
configure:12845: checking if libtool supports shared libraries
configure:12847: result: yes
configure:12850: checking whether to build shared libraries
configure:12875: result: yes
configure:12878: checking whether to build static libraries
configure:12882: result: yes
configure:12905: checking how to run the C++ preprocessor
configure:12971: result: g++ -E
configure:12991: g++ -E  conftest.cpp
configure:12991: $? = 0
configure:13005: g++ -E  conftest.cpp
conftest.cpp:23:28: fatal error: ac_nonexistent.h: No such file or directory
compilation terminated.
configure:13005: $? = 1
configure: failed program was:
| /* confdefs.h */
| #define PACKAGE_NAME "libtorrent-rasterbar"
| #define PACKAGE_TARNAME "libtorrent-rasterbar"
| #define PACKAGE_VERSION "1.0.6"
| #define PACKAGE_STRING "libtorrent-rasterbar 1.0.6"
| #define PACKAGE_BUGREPORT "arvid@libtorrent.org"
| #define PACKAGE_URL "http://www.libtorrent.org"
| #define PACKAGE "libtorrent-rasterbar"
| #define VERSION "1.0.6"
| #define STDC_HEADERS 1
| #define HAVE_SYS_TYPES_H 1
| #define HAVE_SYS_STAT_H 1
| #define HAVE_STDLIB_H 1
| #define HAVE_STRING_H 1
| #define HAVE_MEMORY_H 1
| #define HAVE_STRINGS_H 1
| #define HAVE_INTTYPES_H 1
| #define HAVE_STDINT_H 1
| #define HAVE_UNISTD_H 1
| #define HAVE_DLFCN_H 1
| #define LT_OBJDIR ".libs/"
| /* end confdefs.h.  */
| #include <ac_nonexistent.h>
configure:13174: checking for ld used by g++
configure:13241: result: /usr/x86_64-alpine-linux-musl/bin/ld
configure:13248: checking if the linker (/usr/x86_64-alpine-linux-musl/bin/ld) is GNU ld
configure:13263: result: yes
configure:13318: checking whether the g++ linker (/usr/x86_64-alpine-linux-musl/bin/ld) supports shared libraries
configure:14391: result: yes
configure:14427: g++ -c -g -O2  conftest.cpp >&5
configure:14430: $? = 0
configure:14956: checking for g++ option to produce PIC
configure:14963: result: -fPIC -DPIC
configure:14971: checking if g++ PIC flag -fPIC -DPIC works
configure:14989: g++ -c -g -O2  -fPIC -DPIC -DPIC conftest.cpp >&5
configure:14993: $? = 0
configure:15006: result: yes
configure:15029: checking if g++ static flag -static works
configure:15057: result: yes
configure:15069: checking if g++ supports -c -o file.o
configure:15090: g++ -c -g -O2  -o out/conftest2.o conftest.cpp >&5
configure:15094: $? = 0
configure:15116: result: yes
configure:15121: checking if g++ supports -c -o file.o
configure:15168: result: yes
configure:15198: checking whether the g++ linker (/usr/x86_64-alpine-linux-musl/bin/ld) supports shared libraries
configure:15238: result: yes
configure:15379: checking dynamic linker characteristics
configure:16115: result: GNU/Linux ld.so
configure:16168: checking how to hardcode library paths into programs
configure:16193: result: immediate
configure:16428: checking for the pthreads library -lpthreads
configure:16461: gcc -o conftest -g -O2    conftest.c -lpthreads  >&5
/usr/lib/gcc/x86_64-alpine-linux-musl/5.3.0/../../../../x86_64-alpine-linux-musl/bin/ld: cannot find -lpthreads
collect2: error: ld returned 1 exit status
configure:16461: $? = 1
configure: failed program was:
| /* confdefs.h */
| #define PACKAGE_NAME "libtorrent-rasterbar"
| #define PACKAGE_TARNAME "libtorrent-rasterbar"
| #define PACKAGE_VERSION "1.0.6"
| #define PACKAGE_STRING "libtorrent-rasterbar 1.0.6"
| #define PACKAGE_BUGREPORT "arvid@libtorrent.org"
| #define PACKAGE_URL "http://www.libtorrent.org"
| #define PACKAGE "libtorrent-rasterbar"
| #define VERSION "1.0.6"
| #define STDC_HEADERS 1
| #define HAVE_SYS_TYPES_H 1
| #define HAVE_SYS_STAT_H 1
| #define HAVE_STDLIB_H 1
| #define HAVE_STRING_H 1
| #define HAVE_MEMORY_H 1
| #define HAVE_STRINGS_H 1
| #define HAVE_INTTYPES_H 1
| #define HAVE_STDINT_H 1
| #define HAVE_UNISTD_H 1
| #define HAVE_DLFCN_H 1
| #define LT_OBJDIR ".libs/"
| /* end confdefs.h.  */
| #include <pthread.h>
| int
| main ()
| {
| pthread_t th; pthread_join(th, 0);
|                      pthread_attr_init(0); pthread_cleanup_push(0, 0);
|                      pthread_create(0,0,0,0); pthread_cleanup_pop(0);
|   ;
|   return 0;
| }
configure:16470: result: no
configure:16373: checking whether pthreads work without any flags
configure:16461: gcc -o conftest -g -O2    conftest.c   >&5
configure:16461: $? = 0
configure:16470: result: yes
configure:16489: checking for joinable pthread attribute
configure:16504: gcc -o conftest -g -O2    conftest.c   >&5
configure:16504: $? = 0
configure:16510: result: PTHREAD_CREATE_JOINABLE
configure:16520: checking if more special flags are required for pthreads
configure:16527: result: no
configure:16618: checking whether to check for GCC pthread/shared inconsistencies
configure:16631: gcc -o conftest -shared -fPIC -Wl,-z,defs -g -O2    conftest.c   >&5
configure:16631: $? = 0
configure:16643: result: yes
configure:16685: checking whether -lpthread fixes that
configure:16701: gcc -o conftest -shared -fPIC -Wl,-z,defs -g -O2    conftest.c -lpthread   >&5
configure:16701: $? = 0
configure:16708: result: yes
configure:16796: checking for __attribute__((visibility("hidden")))
configure:16805: gcc -fvisibility=hidden -S visibility_conftest.c -o visibility_conftest.s 1>&5
configure:16808: $? = 0
configure:16817: result: yes
configure:16871: checking for boostlib >= 1.36
configure:16945: g++ -c -g -O2 -ftemplate-depth=120  -I/usr/include conftest.cpp >&5
configure:16945: $? = 0
configure:16947: result: yes
configure:17126: checking whether the Boost::System library is available
configure:17150: g++ -c -g -O2 -ftemplate-depth=120  -I/usr/include conftest.cpp >&5
configure:17150: $? = 0
configure:17165: result: yes
configure:17277: checking for exit in -lboost_system
configure:17302: gcc -o conftest  -g -O2  -I/usr/include  -L/usr/lib conftest.c -lboost_system  -lpthread   >&5
conftest.c:33:6: warning: conflicting types for built-in function 'exit'
 char exit ();
      ^
/usr/lib/libboost_system.so: undefined reference to `std::__cxx11::basic_string<char, std::char_traits<char>, std::allocator<char> >::_M_create(unsigned long&, unsigned long)'
/usr/lib/libboost_system.so: undefined reference to `vtable for __cxxabiv1::__si_class_type_info'
/usr/lib/libboost_system.so: undefined reference to `operator delete(void*)'
/usr/lib/libboost_system.so: undefined reference to `std::__cxx11::basic_string<char, std::char_traits<char>, std::allocator<char> >::~basic_string()'
/usr/lib/libboost_system.so: undefined reference to `std::__throw_logic_error(char const*)'
/usr/lib/libboost_system.so: undefined reference to `vtable for __cxxabiv1::__class_type_info'
/usr/lib/libboost_system.so: undefined reference to `__cxa_guard_release'
/usr/lib/libboost_system.so: undefined reference to `__cxa_guard_acquire'
collect2: error: ld returned 1 exit status
configure:17302: $? = 1
configure: failed program was:
| /* confdefs.h */
| #define PACKAGE_NAME "libtorrent-rasterbar"
| #define PACKAGE_TARNAME "libtorrent-rasterbar"
| #define PACKAGE_VERSION "1.0.6"
| #define PACKAGE_STRING "libtorrent-rasterbar 1.0.6"
| #define PACKAGE_BUGREPORT "arvid@libtorrent.org"
| #define PACKAGE_URL "http://www.libtorrent.org"
| #define PACKAGE "libtorrent-rasterbar"
| #define VERSION "1.0.6"
| #define STDC_HEADERS 1
| #define HAVE_SYS_TYPES_H 1
| #define HAVE_SYS_STAT_H 1
| #define HAVE_STDLIB_H 1
| #define HAVE_STRING_H 1
| #define HAVE_MEMORY_H 1
| #define HAVE_STRINGS_H 1
| #define HAVE_INTTYPES_H 1
| #define HAVE_STDINT_H 1
| #define HAVE_UNISTD_H 1
| #define HAVE_DLFCN_H 1
| #define LT_OBJDIR ".libs/"
| #define HAVE_PTHREAD 1
| #define HAVE_BOOST /**/
| #define HAVE_BOOST_SYSTEM 1
| /* end confdefs.h.  */
| 
| /* Override any GCC internal prototype to avoid an error.
|    Use char because int might match the return type of a GCC
|    builtin and then its argument prototype would still apply.  */
| #ifdef __cplusplus
| extern "C"
| #endif
| char exit ();
| int
| main ()
| {
| return exit ();
|   ;
|   return 0;
| }
configure:17312: result: no
configure:17277: checking for exit in -lboost_system-boost_system
configure:17302: gcc -o conftest  -g -O2  -I/usr/include  -L/usr/lib conftest.c -lboost_system-boost_system  -lpthread   >&5
conftest.c:33:6: warning: conflicting types for built-in function 'exit'
 char exit ();
      ^
/usr/lib/gcc/x86_64-alpine-linux-musl/5.3.0/../../../../x86_64-alpine-linux-musl/bin/ld: cannot find -lboost_system-boost_system
collect2: error: ld returned 1 exit status
configure:17302: $? = 1
configure: failed program was:
| /* confdefs.h */
| #define PACKAGE_NAME "libtorrent-rasterbar"
| #define PACKAGE_TARNAME "libtorrent-rasterbar"
| #define PACKAGE_VERSION "1.0.6"
| #define PACKAGE_STRING "libtorrent-rasterbar 1.0.6"
| #define PACKAGE_BUGREPORT "arvid@libtorrent.org"
| #define PACKAGE_URL "http://www.libtorrent.org"
| #define PACKAGE "libtorrent-rasterbar"
| #define VERSION "1.0.6"
| #define STDC_HEADERS 1
| #define HAVE_SYS_TYPES_H 1
| #define HAVE_SYS_STAT_H 1
| #define HAVE_STDLIB_H 1
| #define HAVE_STRING_H 1
| #define HAVE_MEMORY_H 1
| #define HAVE_STRINGS_H 1
| #define HAVE_INTTYPES_H 1
| #define HAVE_STDINT_H 1
| #define HAVE_UNISTD_H 1
| #define HAVE_DLFCN_H 1
| #define LT_OBJDIR ".libs/"
| #define HAVE_PTHREAD 1
| #define HAVE_BOOST /**/
| #define HAVE_BOOST_SYSTEM 1
| /* end confdefs.h.  */
| 
| /* Override any GCC internal prototype to avoid an error.
|    Use char because int might match the return type of a GCC
|    builtin and then its argument prototype would still apply.  */
| #ifdef __cplusplus
| extern "C"
| #endif
| char exit ();
| int
| main ()
| {
| return exit ();
|   ;
|   return 0;
| }
configure:17312: result: no
configure:17324: error: Could not link against boost_system-boost_system !

## ---------------- ##
## Cache variables. ##
## ---------------- ##

ac_cv_build='x86_64-unknown-linux-gnu'
ac_cv_c_compiler_gnu='yes'
ac_cv_cxx_compiler_gnu='yes'
ac_cv_env_CCC_set=''
ac_cv_env_CCC_value=''
ac_cv_env_CC_set=''
ac_cv_env_CC_value=''
ac_cv_env_CFLAGS_set=''
ac_cv_env_CFLAGS_value=''
ac_cv_env_CPPFLAGS_set=''
ac_cv_env_CPPFLAGS_value=''
ac_cv_env_CPP_set=''
ac_cv_env_CPP_value=''
ac_cv_env_CXXCPP_set=''
ac_cv_env_CXXCPP_value=''
ac_cv_env_CXXFLAGS_set=''
ac_cv_env_CXXFLAGS_value=''
ac_cv_env_CXX_set=''
ac_cv_env_CXX_value=''
ac_cv_env_GEOIP_CFLAGS_set=''
ac_cv_env_GEOIP_CFLAGS_value=''
ac_cv_env_GEOIP_LIBS_set=''
ac_cv_env_GEOIP_LIBS_value=''
ac_cv_env_LDFLAGS_set=''
ac_cv_env_LDFLAGS_value=''
ac_cv_env_LIBS_set=''
ac_cv_env_LIBS_value=''
ac_cv_env_PKG_CONFIG_set=''
ac_cv_env_PKG_CONFIG_value=''
ac_cv_env_PYTHON_INSTALL_PARAMS_set=''
ac_cv_env_PYTHON_INSTALL_PARAMS_value=''
ac_cv_env_PYTHON_VERSION_set=''
ac_cv_env_PYTHON_VERSION_value=''
ac_cv_env_PYTHON_set=''
ac_cv_env_PYTHON_value=''
ac_cv_env_build_alias_set=''
ac_cv_env_build_alias_value=''
ac_cv_env_host_alias_set=''
ac_cv_env_host_alias_value=''
ac_cv_env_target_alias_set=''
ac_cv_env_target_alias_value=''
ac_cv_header_dlfcn_h='yes'
ac_cv_header_inttypes_h='yes'
ac_cv_header_memory_h='yes'
ac_cv_header_stdc='yes'
ac_cv_header_stdint_h='yes'
ac_cv_header_stdlib_h='yes'
ac_cv_header_string_h='yes'
ac_cv_header_strings_h='yes'
ac_cv_header_sys_stat_h='yes'
ac_cv_header_sys_types_h='yes'
ac_cv_header_unistd_h='yes'
ac_cv_hidden_visibility_attribute='yes'
ac_cv_host='x86_64-unknown-linux-gnu'
ac_cv_lib_boost_system___exit='no'
ac_cv_lib_boost_system_boost_system___exit='no'
ac_cv_objext='o'
ac_cv_path_EGREP='/bin/grep -E'
ac_cv_path_FGREP='/bin/grep -F'
ac_cv_path_GREP='/bin/grep'
ac_cv_path_SED='/bin/sed'
ac_cv_path_install='/usr/bin/install -c'
ac_cv_path_lt_DD='/bin/dd'
ac_cv_prog_AWK='awk'
ac_cv_prog_CPP='gcc -E'
ac_cv_prog_CXXCPP='g++ -E'
ac_cv_prog_ac_ct_AR='ar'
ac_cv_prog_ac_ct_CC='gcc'
ac_cv_prog_ac_ct_CXX='g++'
ac_cv_prog_ac_ct_OBJDUMP='objdump'
ac_cv_prog_ac_ct_RANLIB='ranlib'
ac_cv_prog_ac_ct_STRIP='strip'
ac_cv_prog_cc_c89=''
ac_cv_prog_cc_g='yes'
ac_cv_prog_cc_gcc_c_o='yes'
ac_cv_prog_cxx_c_o='yes'
ac_cv_prog_cxx_g='yes'
ac_cv_prog_make_make_set='no'
ac_cv_target='x86_64-unknown-linux-gnu'
am_cv_CC_dependencies_compiler_type='none'
am_cv_CXX_dependencies_compiler_type='none'
am_cv_make_support_nested_variables='no'
am_cv_prog_cc_c_o='yes'
ax_cv_boost_system='yes'
lt_cv_ar_at_file='@'
lt_cv_archive_cmds_need_lc='no'
lt_cv_deplibs_check_method='pass_all'
lt_cv_file_magic_cmd='$MAGIC_CMD'
lt_cv_file_magic_test_file=''
lt_cv_ld_reload_flag='-r'
lt_cv_nm_interface='BSD nm'
lt_cv_objdir='.libs'
lt_cv_path_LD='/usr/x86_64-alpine-linux-musl/bin/ld'
lt_cv_path_LDCXX='/usr/x86_64-alpine-linux-musl/bin/ld'
lt_cv_path_NM='/usr/bin/nm -B'
lt_cv_path_mainfest_tool='no'
lt_cv_prog_compiler_c_o='yes'
lt_cv_prog_compiler_c_o_CXX='yes'
lt_cv_prog_compiler_pic='-fPIC -DPIC'
lt_cv_prog_compiler_pic_CXX='-fPIC -DPIC'
lt_cv_prog_compiler_pic_works='yes'
lt_cv_prog_compiler_pic_works_CXX='yes'
lt_cv_prog_compiler_rtti_exceptions='no'
lt_cv_prog_compiler_static_works='yes'
lt_cv_prog_compiler_static_works_CXX='yes'
lt_cv_prog_gnu_ld='yes'
lt_cv_prog_gnu_ldcxx='yes'
lt_cv_sharedlib_from_linklib_cmd='printf %s\n'
lt_cv_shlibpath_overrides_runpath='no'
lt_cv_sys_global_symbol_pipe='sed -n -e '"'"'s/^.*[	 ]\([ABCDGIRSTW][ABCDGIRSTW]*\)[	 ][	 ]*\([_A-Za-z][_A-Za-z0-9]*\)$/\1 \2 \2/p'"'"' | sed '"'"'/ __gnu_lto/d'"'"
lt_cv_sys_global_symbol_to_c_name_address='sed -n -e '"'"'s/^: \(.*\) .*$/  {"\1", (void *) 0},/p'"'"' -e '"'"'s/^[ABCDGIRSTW][ABCDGIRSTW]* .* \(.*\)$/  {"\1", (void *) \&\1},/p'"'"
lt_cv_sys_global_symbol_to_c_name_address_lib_prefix='sed -n -e '"'"'s/^: \(.*\) .*$/  {"\1", (void *) 0},/p'"'"' -e '"'"'s/^[ABCDGIRSTW][ABCDGIRSTW]* .* \(lib.*\)$/  {"\1", (void *) \&\1},/p'"'"' -e '"'"'s/^[ABCDGIRSTW][ABCDGIRSTW]* .* \(.*\)$/  {"lib\1", (void *) \&\1},/p'"'"
lt_cv_sys_global_symbol_to_cdecl='sed -n -e '"'"'s/^T .* \(.*\)$/extern int \1();/p'"'"' -e '"'"'s/^[ABCDGIRSTW][ABCDGIRSTW]* .* \(.*\)$/extern char \1;/p'"'"
lt_cv_sys_global_symbol_to_import=''
lt_cv_sys_max_cmd_len='98304'
lt_cv_to_host_file_cmd='func_convert_file_noop'
lt_cv_to_tool_file_cmd='func_convert_file_noop'
lt_cv_truncate_bin='/bin/dd bs=4096 count=1'

## ----------------- ##
## Output variables. ##
## ----------------- ##

ACLOCAL='${SHELL} /tmp/libtorrent/libtorrent-rasterbar-1.0.6/build-aux/missing aclocal-1.14'
AMDEPBACKSLASH='\'
AMDEP_FALSE='#'
AMDEP_TRUE=''
AMTAR='$${TAR-tar}'
AM_BACKSLASH='\'
AM_DEFAULT_V='0'
AM_DEFAULT_VERBOSITY='0'
AM_V='0'
AR='ar'
AUTOCONF='${SHELL} /tmp/libtorrent/libtorrent-rasterbar-1.0.6/build-aux/missing autoconf'
AUTOHEADER='${SHELL} /tmp/libtorrent/libtorrent-rasterbar-1.0.6/build-aux/missing autoheader'
AUTOMAKE='${SHELL} /tmp/libtorrent/libtorrent-rasterbar-1.0.6/build-aux/missing automake-1.14'
AWK='awk'
BOOST_CPPFLAGS='-I/usr/include'
BOOST_LDFLAGS='-L/usr/lib'
BOOST_PYTHON_LIB=''
BOOST_SYSTEM_LIB=''
CC='gcc'
CCDEPMODE='depmode=none'
CFLAGS=' -g -O2'
COMPILETIME_OPTIONS=''
CPP='gcc -E'
CPPFLAGS=' -I/usr/include'
CXX='g++'
CXXCPP='g++ -E'
CXXDEPMODE='depmode=none'
CXXFLAGS='-g -O2 -ftemplate-depth=120'
CYGPATH_W='echo'
DEBUGFLAGS=''
DEFS=''
DEPDIR='.deps'
DLLTOOL='false'
DSYMUTIL=''
DUMPBIN=''
ECHO_C=''
ECHO_N='-n'
ECHO_T=''
EGREP='/bin/grep -E'
ENABLE_DHT_FALSE=''
ENABLE_DHT_TRUE=''
ENABLE_EXAMPLES_FALSE=''
ENABLE_EXAMPLES_TRUE=''
ENABLE_PYTHON_BINDING_FALSE=''
ENABLE_PYTHON_BINDING_TRUE=''
ENABLE_TESTS_FALSE=''
ENABLE_TESTS_TRUE=''
EXEEXT=''
FGREP='/bin/grep -F'
GEOIP_CFLAGS=''
GEOIP_LIBS=''
GREP='/bin/grep'
ICONV_LIBS=''
INSTALL_DATA='${INSTALL} -m 644'
INSTALL_PROGRAM='${INSTALL}'
INSTALL_SCRIPT='${INSTALL}'
INSTALL_STRIP_PROGRAM='$(install_sh) -c -s'
INTERFACE_VERSION_INFO='8:0:0'
LD='/usr/x86_64-alpine-linux-musl/bin/ld'
LDFLAGS=' -L/usr/lib'
LIBICONV=''
LIBOBJS=''
LIBS='-lpthread  '
LIBTOOL='$(SHELL) $(top_builddir)/libtool'
LIPO=''
LN_S='ln -s'
LTLIBICONV=''
LTLIBOBJS=''
MAKEINFO='${SHELL} /tmp/libtorrent/libtorrent-rasterbar-1.0.6/build-aux/missing makeinfo'
MANIFEST_TOOL=':'
MKDIR_P='build-aux/install-sh -c -d'
NM='/usr/bin/nm -B'
NMEDIT=''
OBJDUMP='objdump'
OBJEXT='o'
OPENSSL_INCLUDES=''
OPENSSL_LDFLAGS=''
OPENSSL_LIBS=''
OTOOL64=''
OTOOL=''
PACKAGE='libtorrent-rasterbar'
PACKAGE_BUGREPORT='arvid@libtorrent.org'
PACKAGE_NAME='libtorrent-rasterbar'
PACKAGE_STRING='libtorrent-rasterbar 1.0.6'
PACKAGE_TARNAME='libtorrent-rasterbar'
PACKAGE_URL='http://www.libtorrent.org'
PACKAGE_VERSION='1.0.6'
PATH_SEPARATOR=':'
PKG_CONFIG=''
PTHREAD_CC='gcc'
PTHREAD_CFLAGS=''
PTHREAD_LIBS='-lpthread '
PYTHON=''
PYTHON_CPPFLAGS=''
PYTHON_EXEC_PREFIX=''
PYTHON_EXTRA_LIBS=''
PYTHON_INSTALL_PARAMS=''
PYTHON_LDFLAGS=''
PYTHON_PLATFORM=''
PYTHON_PREFIX=''
PYTHON_SITE_PKG=''
PYTHON_VERSION=''
RANLIB='ranlib'
SED='/bin/sed'
SET_MAKE='MAKE=make'
SHELL='/bin/sh'
STRIP='strip'
VERSION='1.0.6'
WITH_OPENSSL_FALSE=''
WITH_OPENSSL_TRUE=''
WITH_SHIPPED_GEOIP_FALSE=''
WITH_SHIPPED_GEOIP_TRUE=''
ac_ct_AR='ar'
ac_ct_CC='gcc'
ac_ct_CXX='g++'
ac_ct_DUMPBIN=''
am__EXEEXT_FALSE=''
am__EXEEXT_TRUE=''
am__fastdepCC_FALSE=''
am__fastdepCC_TRUE='#'
am__fastdepCXX_FALSE=''
am__fastdepCXX_TRUE='#'
am__include='#'
am__isrc=''
am__leading_dot='.'
am__nodep='_no'
am__quote=''
am__tar='$${TAR-tar} chof - "$$tardir"'
am__untar='$${TAR-tar} xf -'
ax_pthread_config=''
bindir='${exec_prefix}/bin'
build='x86_64-unknown-linux-gnu'
build_alias=''
build_cpu='x86_64'
build_os='linux-gnu'
build_vendor='unknown'
datadir='${datarootdir}'
datarootdir='${prefix}/share'
docdir='${datarootdir}/doc/${PACKAGE_TARNAME}'
dvidir='${docdir}'
exec_prefix='NONE'
host='x86_64-unknown-linux-gnu'
host_alias=''
host_cpu='x86_64'
host_os='linux-gnu'
host_vendor='unknown'
htmldir='${docdir}'
includedir='${prefix}/include'
infodir='${datarootdir}/info'
install_sh='${SHELL} /tmp/libtorrent/libtorrent-rasterbar-1.0.6/build-aux/install-sh'
libdir='${exec_prefix}/lib'
libexecdir='${exec_prefix}/libexec'
localedir='${datarootdir}/locale'
localstatedir='${prefix}/var'
mandir='${datarootdir}/man'
mkdir_p='$(MKDIR_P)'
oldincludedir='/usr/include'
pdfdir='${docdir}'
pkgpyexecdir=''
pkgpythondir=''
prefix='/usr'
program_transform_name='s,x,x,'
psdir='${docdir}'
pyexecdir=''
pythondir=''
sbindir='${exec_prefix}/sbin'
sharedstatedir='${prefix}/com'
sysconfdir='${prefix}/etc'
target='x86_64-unknown-linux-gnu'
target_alias=''
target_cpu='x86_64'
target_os='linux-gnu'
target_vendor='unknown'

## ----------- ##
## confdefs.h. ##
## ----------- ##

/* confdefs.h */
#define PACKAGE_NAME "libtorrent-rasterbar"
#define PACKAGE_TARNAME "libtorrent-rasterbar"
#define PACKAGE_VERSION "1.0.6"
#define PACKAGE_STRING "libtorrent-rasterbar 1.0.6"
#define PACKAGE_BUGREPORT "arvid@libtorrent.org"
#define PACKAGE_URL "http://www.libtorrent.org"
#define PACKAGE "libtorrent-rasterbar"
#define VERSION "1.0.6"
#define STDC_HEADERS 1
#define HAVE_SYS_TYPES_H 1
#define HAVE_SYS_STAT_H 1
#define HAVE_STDLIB_H 1
#define HAVE_STRING_H 1
#define HAVE_MEMORY_H 1
#define HAVE_STRINGS_H 1
#define HAVE_INTTYPES_H 1
#define HAVE_STDINT_H 1
#define HAVE_UNISTD_H 1
#define HAVE_DLFCN_H 1
#define LT_OBJDIR ".libs/"
#define HAVE_PTHREAD 1
#define HAVE_BOOST /**/
#define HAVE_BOOST_SYSTEM 1

configure: exit 1
